0 info it worked if it ends with ok
1 verbose cli [ 'node', '/usr/local/bin/npm', 'install', 'icov-lite' ]
2 info using npm@1.3.15
3 info using node@v0.8.2
4 warn package.json esprima@1.0.4 No README data
5 warn package.json execSync@1.0.1-pre No repository field.
6 verbose readDependencies using package.json deps
7 verbose cache add [ 'icov-lite', null ]
8 verbose cache add name=undefined spec="icov-lite" args=["icov-lite",null]
9 verbose parsed url { pathname: 'icov-lite', path: 'icov-lite', href: 'icov-lite' }
10 silly lockFile 9238e159-icov-lite icov-lite
11 verbose lock icov-lite /home/xwm/.npm/9238e159-icov-lite.lock
12 silly lockFile 9238e159-icov-lite icov-lite
13 silly lockFile 9238e159-icov-lite icov-lite
14 verbose addNamed [ 'icov-lite', '' ]
15 verbose addNamed [ null, '*' ]
16 silly lockFile f5a2e5d6-icov-lite icov-lite@
17 verbose lock icov-lite@ /home/xwm/.npm/f5a2e5d6-icov-lite.lock
18 silly addNameRange { name: 'icov-lite', range: '*', hasData: false }
19 verbose url raw icov-lite
20 verbose url resolving [ 'https://registry.npmjs.org/', './icov-lite' ]
21 verbose url resolved https://registry.npmjs.org/icov-lite
22 info trying registry request attempt 1 at 12:38:55
23 http GET https://registry.npmjs.org/icov-lite
24 http 404 https://registry.npmjs.org/icov-lite
25 silly registry.get cb [ 404,
25 silly registry.get   { date: 'Mon, 30 Dec 2013 04:38:59 GMT',
25 silly registry.get     server: 'CouchDB/1.5.0 (Erlang OTP/R15B03)',
25 silly registry.get     'content-type': 'application/json',
25 silly registry.get     'cache-control': 'max-age=0',
25 silly registry.get     'content-length': '52',
25 silly registry.get     'accept-ranges': 'bytes',
25 silly registry.get     via: '1.1 varnish',
25 silly registry.get     age: '0',
25 silly registry.get     'x-served-by': 'cache-ty67-TYO',
25 silly registry.get     'x-cache': 'MISS',
25 silly registry.get     'x-cache-hits': '0',
25 silly registry.get     'x-timer': 'S1388378339.197762489,VS0,VE162',
25 silly registry.get     'keep-alive': 'timeout=10, max=50',
25 silly registry.get     connection: 'Keep-Alive' } ]
26 silly lockFile f5a2e5d6-icov-lite icov-lite@
27 silly lockFile f5a2e5d6-icov-lite icov-lite@
28 error 404 'icov-lite' is not in the npm registry.
28 error 404 You should bug the author to publish it
28 error 404
28 error 404 Note that you can also install from a
28 error 404 tarball, folder, or http url, or git url.
29 error System Linux 3.0.0-12-generic
30 error command "node" "/usr/local/bin/npm" "install" "icov-lite"
31 error cwd /home/xwm/code/jalangi-master
32 error node -v v0.8.2
33 error npm -v 1.3.15
34 error code E404
35 verbose exit [ 1, true ]
